{
  "RSpec": {
    "coverage": {
      "/Users/leroidejesa/Documents/epicodus/rails-portfolio/spec/features/add_and_update_skill_pages_spec.rb": [
        1,
        null,
        1,
        1,
        1,
        1,
        1,
        1,
        1,
        1,
        1,
        1,
        1,
        1,
        1,
        1,
        1,
        1,
        1,
        1,
        1,
        null,
        null,
        1,
        1,
        1,
        1,
        null,
        null
      ],
      "/Users/leroidejesa/Documents/epicodus/rails-portfolio/spec/rails_helper.rb": [
        null,
        1,
        1,
        null,
        1,
        1,
        1,
        1,
        null,
        null,
        null,
        null,
        null,
        null,
        null,
        null,
        null,
        null,
        null,
        null,
        null,
        null,
        null,
        null,
        null,
        null,
        null,
        1,
        null,
        1,
        null,
        1,
        null,
        null,
        null,
        null,
        1,
        null,
        null,
        null,
        null,
        null,
        null,
        null,
        null,
        null,
        null,
        null,
        null,
        null,
        null,
        1,
        null
      ],
      "/Users/leroidejesa/Documents/epicodus/rails-portfolio/config/environment.rb": [
        null,
        1,
        null,
        null,
        1
      ],
      "/Users/leroidejesa/Documents/epicodus/rails-portfolio/config/application.rb": [
        1,
        null,
        1,
        null,
        1,
        1,
        1,
        1,
        1,
        1,
        1,
        null,
        null,
        null,
        null,
        1,
        null,
        1,
        1,
        null,
        null,
        null,
        null,
        null,
        null,
        null,
        null,
        null,
        null,
        null,
        null,
        null,
        1,
        null,
        null
      ],
      "/Users/leroidejesa/Documents/epicodus/rails-portfolio/config/boot.rb": [
        1,
        null,
        1
      ],
      "/Users/leroidejesa/Documents/epicodus/rails-portfolio/config/environments/test.rb": [
        1,
        null,
        null,
        null,
        null,
        null,
        null,
        1,
        null,
        null,
        null,
        null,
        1,
        null,
        null,
        1,
        1,
        null,
        null,
        1,
        1,
        null,
        null,
        1,
        null,
        null,
        1,
        null,
        null,
        null,
        null,
        1,
        null,
        null,
        1,
        null,
        null,
        1,
        null,
        null,
        null,
        null
      ],
      "/Users/leroidejesa/Documents/epicodus/rails-portfolio/config/initializers/assets.rb": [
        null,
        null,
        null,
        1,
        null,
        null,
        null,
        null,
        null,
        null,
        null
      ],
      "/Users/leroidejesa/Documents/epicodus/rails-portfolio/config/initializers/backtrace_silencers.rb": [
        null,
        null,
        null,
        null,
        null,
        null,
        null
      ],
      "/Users/leroidejesa/Documents/epicodus/rails-portfolio/config/initializers/cookies_serializer.rb": [
        null,
        null,
        1
      ],
      "/Users/leroidejesa/Documents/epicodus/rails-portfolio/config/initializers/devise.rb": [
        null,
        null,
        1,
        null,
        null,
        null,
        null,
        null,
        null,
        null,
        null,
        null,
        null,
        null,
        1,
        null,
        null,
        null,
        null,
        null,
        null,
        null,
        null,
        1,
        null,
        null,
        null,
        null,
        null,
        null,
        null,
        null,
        null,
        null,
        null,
        null,
        null,
        null,
        null,
        null,
        null,
        null,
        null,
        null,
        null,
        1,
        null,
        null,
        null,
        null,
        1,
        null,
        null,
        null,
        null,
        null,
        null,
        null,
        null,
        null,
        null,
        null,
        null,
        null,
        null,
        null,
        null,
        null,
        null,
        null,
        null,
        null,
        null,
        null,
        null,
        null,
        null,
        null,
        null,
        null,
        null,
        1,
        null,
        null,
        null,
        null,
        null,
        null,
        null,
        null,
        null,
        null,
        null,
        null,
        null,
        null,
        null,
        null,
        1,
        null,
        null,
        null,
        null,
        null,
        null,
        null,
        null,
        null,
        null,
        null,
        null,
        null,
        null,
        null,
        null,
        null,
        null,
        null,
        null,
        null,
        null,
        null,
        null,
        1,
        null,
        null,
        null,
        null,
        null,
        null,
        null,
        null,
        null,
        1,
        null,
        null,
        null,
        null,
        null,
        null,
        null,
        null,
        null,
        null,
        1,
        null,
        null,
        null,
        null,
        null,
        null,
        null,
        null,
        null,
        null,
        null,
        null,
        null,
        null,
        null,
        null,
        null,
        null,
        null,
        null,
        null,
        null,
        null,
        null,
        null,
        null,
        null,
        null,
        null,
        null,
        null,
        null,
        null,
        null,
        null,
        null,
        null,
        null,
        null,
        null,
        null,
        null,
        null,
        null,
        null,
        null,
        null,
        null,
        1,
        null,
        null,
        null,
        null,
        null,
        null,
        null,
        null,
        null,
        null,
        null,
        null,
        null,
        null,
        null,
        null,
        null,
        null,
        null,
        null,
        null,
        null,
        null,
        null,
        null,
        null,
        null,
        null,
        null,
        null,
        null,
        null,
        null,
        null,
        null,
        null,
        null,
        null,
        null,
        null,
        null,
        1,
        null,
        null,
        null,
        null,
        null,
        null,
        null,
        null,
        null,
        null,
        null,
        null,
        null,
        null,
        null,
        null,
        null,
        null,
        null,
        null,
        null,
        null,
        null,
        null,
        null,
        null,
        null,
        null,
        null
      ],
      "/Users/leroidejesa/Documents/epicodus/rails-portfolio/config/initializers/filter_parameter_logging.rb": [
        null,
        null,
        null,
        1
      ],
      "/Users/leroidejesa/Documents/epicodus/rails-portfolio/config/initializers/inflections.rb": [
        null,
        null,
        null,
        null,
        null,
        null,
        null,
        null,
        null,
        null,
        null,
        null,
        null,
        null,
        null,
        null
      ],
      "/Users/leroidejesa/Documents/epicodus/rails-portfolio/config/initializers/mime_types.rb": [
        null,
        null,
        null,
        null
      ],
      "/Users/leroidejesa/Documents/epicodus/rails-portfolio/config/initializers/session_store.rb": [
        null,
        null,
        1
      ],
      "/Users/leroidejesa/Documents/epicodus/rails-portfolio/config/initializers/wrap_parameters.rb": [
        null,
        null,
        null,
        null,
        null,
        null,
        1,
        1,
        null,
        null,
        null,
        null,
        null,
        null
      ],
      "/Users/leroidejesa/Documents/epicodus/rails-portfolio/spec/factories.rb": [
        1,
        1,
        1,
        1,
        1,
        1,
        null,
        null
      ],
      "/Users/leroidejesa/Documents/epicodus/rails-portfolio/config/routes.rb": [
        1,
        1,
        null,
        1,
        1,
        null,
        null,
        1,
        1,
        null,
        null,
        1,
        1,
        null,
        null,
        null,
        null,
        null,
        1,
        null,
        null,
        null,
        null,
        null,
        null,
        null,
        null,
        null,
        null,
        null,
        null,
        null,
        null,
        null,
        null,
        null,
        null,
        null,
        null,
        null,
        null,
        null,
        null,
        null,
        null,
        null,
        null,
        null,
        null,
        null,
        null,
        null,
        null,
        null,
        null,
        null,
        null,
        null,
        null,
        null,
        null,
        null,
        null,
        null,
        null,
        null,
        null,
        null,
        null
      ],
      "/Users/leroidejesa/Documents/epicodus/rails-portfolio/app/models/user.rb": [
        1,
        null,
        null,
        1,
        null,
        1,
        1,
        1,
        null
      ],
      "/Users/leroidejesa/Documents/epicodus/rails-portfolio/app/helpers/application_helper.rb": [
        1,
        null
      ],
      "/Users/leroidejesa/Documents/epicodus/rails-portfolio/spec/features/add_post_pages_spec.rb": [
        1,
        null,
        1,
        1,
        1,
        1,
        1,
        1,
        1,
        1,
        1,
        1,
        1,
        1,
        1,
        1,
        null,
        null
      ],
      "/Users/leroidejesa/Documents/epicodus/rails-portfolio/spec/features/add_projects_pages_spec.rb": [
        1,
        null,
        1,
        1,
        1,
        1,
        1,
        1,
        1,
        1,
        1,
        1,
        1,
        1,
        1,
        1,
        1,
        1,
        1,
        1,
        1,
        1,
        null,
        null
      ],
      "/Users/leroidejesa/Documents/epicodus/rails-portfolio/spec/models/comment_spec.rb": [
        1,
        null,
        1,
        2,
        2,
        null
      ],
      "/Users/leroidejesa/Documents/epicodus/rails-portfolio/app/models/comment.rb": [
        1,
        1,
        1,
        null
      ],
      "/Users/leroidejesa/Documents/epicodus/rails-portfolio/spec/models/post_spec.rb": [
        1,
        null,
        1,
        2,
        2,
        2,
        2,
        null
      ],
      "/Users/leroidejesa/Documents/epicodus/rails-portfolio/app/models/post.rb": [
        1,
        1,
        1,
        null,
        1,
        1,
        null,
        null
      ],
      "/Users/leroidejesa/Documents/epicodus/rails-portfolio/spec/models/project_spec.rb": [
        1,
        null,
        1,
        2,
        2,
        2,
        null
      ],
      "/Users/leroidejesa/Documents/epicodus/rails-portfolio/app/models/project.rb": [
        1,
        1,
        null,
        1,
        1,
        1,
        null
      ],
      "/Users/leroidejesa/Documents/epicodus/rails-portfolio/spec/models/skill_spec.rb": [
        1,
        null,
        1,
        2,
        2,
        null
      ],
      "/Users/leroidejesa/Documents/epicodus/rails-portfolio/app/models/skill.rb": [
        1,
        1,
        1,
        1,
        null
      ],
      "/Users/leroidejesa/Documents/epicodus/rails-portfolio/spec/models/user_spec.rb": [
        1,
        null,
        1,
        null,
        2,
        2,
        null,
        2,
        2,
        null,
        null,
        null
      ],
      "/Users/leroidejesa/Documents/epicodus/rails-portfolio/app/controllers/application_controller.rb": [
        1,
        null,
        null,
        1,
        1,
        null,
        1,
        29,
        24,
        24,
        null,
        null,
        null,
        null,
        1,
        null,
        null,
        null,
        1,
        null,
        1,
        6,
        null,
        null
      ],
      "/Users/leroidejesa/Documents/epicodus/rails-portfolio/app/controllers/posts_controller.rb": [
        1,
        1,
        5,
        null,
        null,
        1,
        0,
        0,
        null,
        null,
        1,
        1,
        null,
        null,
        1,
        1,
        null,
        1,
        1,
        1,
        null,
        0,
        null,
        null,
        null,
        1,
        0,
        null,
        null,
        1,
        0,
        0,
        0,
        null,
        0,
        null,
        null,
        null,
        1,
        0,
        0,
        0,
        null,
        null,
        1,
        1,
        1,
        null,
        null
      ],
      "/Users/leroidejesa/Documents/epicodus/rails-portfolio/app/controllers/skills_controller.rb": [
        1,
        1,
        5,
        null,
        null,
        1,
        3,
        3,
        null,
        null,
        1,
        3,
        null,
        null,
        1,
        3,
        3,
        2,
        2,
        null,
        1,
        null,
        null,
        null,
        1,
        1,
        null,
        null,
        1,
        1,
        1,
        1,
        1,
        null,
        0,
        null,
        null,
        null,
        1,
        0,
        0,
        0,
        0,
        null,
        null,
        1,
        1,
        4,
        null,
        null
      ],
      "/Users/leroidejesa/Documents/epicodus/rails-portfolio/app/controllers/projects_controller.rb": [
        1,
        1,
        0,
        0,
        null,
        null,
        1,
        0,
        null,
        null,
        1,
        1,
        1,
        1,
        1,
        1,
        null,
        0,
        null,
        null,
        null,
        1,
        null,
        0,
        null,
        null,
        1,
        0,
        0,
        null,
        null,
        1,
        0,
        0,
        0,
        0,
        0,
        null,
        null,
        1,
        0,
        0,
        0,
        0,
        0,
        null,
        null,
        1,
        1,
        1,
        null,
        null
      ]
    },
    "timestamp": 1436571605
  }
}
